<?xml version="1.0" encoding="UTF-8"?>
<!-- Generated by org.testng.reporters.JUnitXMLReporter -->
<testsuite ignored="0" hostname="KQ-LP-034" failures="0" tests="1" name="Default test" time="0.081" errors="0" timestamp="2024-06-13T15:33:50 IST">
  <testcase classname="com.kiwiqa.demoqatestng.FullFlowDemoQA" name="@BeforeSuite initAll" time="-1.718273030393E9">
    <failure type="org.testng.TestNGException" message="
Parameter &amp;apos;Browser&amp;apos; is required by BeforeSuite on method initAll but has not been marked @Optional or defined
in C:\Users\KQ034\AppData\Local\Temp\testng-eclipse--163872373\testng-customsuite.xml">
      <![CDATA[org.testng.TestNGException: 
Parameter 'Browser' is required by BeforeSuite on method initAll but has not been marked @Optional or defined
in C:\Users\KQ034\AppData\Local\Temp\testng-eclipse--163872373\testng-customsuite.xml
at org.testng.internal.Parameters.createParams(Parameters.java:270)
at org.testng.internal.Parameters.createParametersForMethod(Parameters.java:358)
at org.testng.internal.Parameters.createParameters(Parameters.java:700)
at org.testng.internal.Parameters.createConfigurationParameters(Parameters.java:168)
at org.testng.internal.ConfigInvoker.invokeConfigurations(ConfigInvoker.java:302)
at org.testng.SuiteRunner.privateRun(SuiteRunner.java:317)
at org.testng.SuiteRunner.run(SuiteRunner.java:276)
at org.testng.SuiteRunnerWorker.runSuite(SuiteRunnerWorker.java:53)
at org.testng.SuiteRunnerWorker.run(SuiteRunnerWorker.java:96)
at org.testng.TestNG.runSuitesSequentially(TestNG.java:1212)
at org.testng.TestNG.runSuitesLocally(TestNG.java:1134)
at org.testng.TestNG.runSuites(TestNG.java:1063)
at org.testng.TestNG.run(TestNG.java:1031)
at org.testng.remote.AbstractRemoteTestNG.run(AbstractRemoteTestNG.java:115)
at org.testng.remote.RemoteTestNG.initAndRun(RemoteTestNG.java:293)
at org.testng.remote.RemoteTestNG.main(RemoteTestNG.java:91)
]]>
    </failure>
  </testcase> <!-- @BeforeSuite initAll -->
  <testcase classname="com.kiwiqa.demoqatestng.FullFlowDemoQA" name="@BeforeMethod openWebsite" time="-1.718273030466E9">
    <skipped/>
  </testcase> <!-- @BeforeMethod openWebsite -->
  <testcase classname="com.kiwiqa.demoqatestng.FullFlowDemoQA" name="@AfterMethod check" time="-1.718273030483E9">
    <skipped/>
  </testcase> <!-- @AfterMethod check -->
  <testcase classname="com.kiwiqa.demoqatestng.FullFlowDemoQA" name="@AfterTest driverQuit" time="-1.718273030491E9">
    <skipped/>
  </testcase> <!-- @AfterTest driverQuit -->
  <testcase classname="com.kiwiqa.demoqatestng.FullFlowDemoQA" name="formFill" time="0.0">
    <skipped/>
  </testcase> <!-- formFill -->
</testsuite> <!-- Default test -->
